<?xml version="1.0" encoding="UTF-8"?>
<testng-results ignored="0" total="6" passed="4" failed="2" skipped="0">
  <reporter-output>
  </reporter-output>
  <suite started-at="2025-03-21T00:02:54 PDT" name="Default suite" finished-at="2025-03-21T00:04:10 PDT" duration-ms="76361">
    <groups>
      <group name="cucumber">
        <method signature="AbstractTestNGCucumberTests.runScenario(io.cucumber.testng.PickleWrapper,io.cucumber.testng.FeatureWrapper)[pri:0, instance:com.JpetstoreRunner.RegistrationRunner@3cc1435c]" name="runScenario" class="io.cucumber.testng.AbstractTestNGCucumberTests"/>
      </group> <!-- cucumber -->
    </groups>
    <test started-at="2025-03-21T00:02:54 PDT" name="Default test" finished-at="2025-03-21T00:04:10 PDT" duration-ms="76361">
      <class name="com.JpetstoreRunner.RegistrationRunner">
        <test-method is-config="true" signature="setUpClass(org.testng.ITestContext)[pri:0, instance:com.JpetstoreRunner.RegistrationRunner@3cc1435c]" started-at="2025-03-21T00:02:54 PDT" name="setUpClass" finished-at="2025-03-21T00:02:55 PDT" duration-ms="1397" status="PASS">
          <params>
            <param index="0">
              <value>
                <![CDATA[org.testng.TestRunner@1961d75a]]>
              </value>
            </param>
          </params>
          <reporter-output>
          </reporter-output>
        </test-method> <!-- setUpClass -->
        <test-method signature="runScenario(io.cucumber.testng.PickleWrapper,io.cucumber.testng.FeatureWrapper)[pri:0, instance:com.JpetstoreRunner.RegistrationRunner@3cc1435c]" started-at="2025-03-21T00:02:55 PDT" name="runScenario" description="Runs Cucumber Scenarios" data-provider="scenarios" finished-at="2025-03-21T00:03:19 PDT" duration-ms="23268" status="FAIL">
          <params>
            <param index="0">
              <value>
                <![CDATA["registering into that website"]]>
              </value>
            </param>
            <param index="1">
              <value>
                <![CDATA["Registration"]]>
              </value>
            </param>
          </params>
          <exception class="java.lang.AssertionError">
            <message>
              <![CDATA[expected [true] but found [false]]]>
            </message>
            <full-stacktrace>
              <![CDATA[java.lang.AssertionError: expected [true] but found [false]
at org.testng.Assert.fail(Assert.java:111)
at org.testng.Assert.failNotEquals(Assert.java:1578)
at org.testng.Assert.assertTrue(Assert.java:57)
at org.testng.Assert.assertTrue(Assert.java:67)
at com.StepDefinition.RegistrationpageStepCode.its_navigate_to_home_page(RegistrationpageStepCode.java:52)
at ✽.I verify account is created(file:///C:/Users/Administrator/eclipse-workspace/com.Jpetstore/src/test/resources/Features/Registration.feature:12)
]]>
            </full-stacktrace>
          </exception> <!-- java.lang.AssertionError -->
          <reporter-output>
          </reporter-output>
        </test-method> <!-- runScenario -->
        <test-method signature="runScenario(io.cucumber.testng.PickleWrapper,io.cucumber.testng.FeatureWrapper)[pri:0, instance:com.JpetstoreRunner.RegistrationRunner@3cc1435c]" started-at="2025-03-21T00:03:19 PDT" name="runScenario" description="Runs Cucumber Scenarios" data-provider="scenarios" finished-at="2025-03-21T00:03:35 PDT" duration-ms="16552" status="PASS">
          <params>
            <param index="0">
              <value>
                <![CDATA["login with valid username and valid password"]]>
              </value>
            </param>
            <param index="1">
              <value>
                <![CDATA["Registration"]]>
              </value>
            </param>
          </params>
          <reporter-output>
          </reporter-output>
        </test-method> <!-- runScenario -->
        <test-method signature="runScenario(io.cucumber.testng.PickleWrapper,io.cucumber.testng.FeatureWrapper)[pri:0, instance:com.JpetstoreRunner.RegistrationRunner@3cc1435c]" started-at="2025-03-21T00:03:35 PDT" name="runScenario" description="Runs Cucumber Scenarios" data-provider="scenarios" finished-at="2025-03-21T00:03:41 PDT" duration-ms="6222" status="PASS">
          <params>
            <param index="0">
              <value>
                <![CDATA["login with invalid username and invalid password"]]>
              </value>
            </param>
            <param index="1">
              <value>
                <![CDATA["Registration"]]>
              </value>
            </param>
          </params>
          <reporter-output>
          </reporter-output>
        </test-method> <!-- runScenario -->
        <test-method signature="runScenario(io.cucumber.testng.PickleWrapper,io.cucumber.testng.FeatureWrapper)[pri:0, instance:com.JpetstoreRunner.RegistrationRunner@3cc1435c]" started-at="2025-03-21T00:03:41 PDT" name="runScenario" description="Runs Cucumber Scenarios" data-provider="scenarios" finished-at="2025-03-21T00:03:47 PDT" duration-ms="5836" status="PASS">
          <params>
            <param index="0">
              <value>
                <![CDATA["login with invalid username and valid password"]]>
              </value>
            </param>
            <param index="1">
              <value>
                <![CDATA["Registration"]]>
              </value>
            </param>
          </params>
          <reporter-output>
          </reporter-output>
        </test-method> <!-- runScenario -->
        <test-method signature="runScenario(io.cucumber.testng.PickleWrapper,io.cucumber.testng.FeatureWrapper)[pri:0, instance:com.JpetstoreRunner.RegistrationRunner@3cc1435c]" started-at="2025-03-21T00:03:47 PDT" name="runScenario" description="Runs Cucumber Scenarios" data-provider="scenarios" finished-at="2025-03-21T00:03:54 PDT" duration-ms="7053" status="PASS">
          <params>
            <param index="0">
              <value>
                <![CDATA["login with valid username and invalid password"]]>
              </value>
            </param>
            <param index="1">
              <value>
                <![CDATA["Registration"]]>
              </value>
            </param>
          </params>
          <reporter-output>
          </reporter-output>
        </test-method> <!-- runScenario -->
        <test-method signature="runScenario(io.cucumber.testng.PickleWrapper,io.cucumber.testng.FeatureWrapper)[pri:0, instance:com.JpetstoreRunner.RegistrationRunner@3cc1435c]" started-at="2025-03-21T00:03:54 PDT" name="runScenario" description="Runs Cucumber Scenarios" data-provider="scenarios" finished-at="2025-03-21T00:04:09 PDT" duration-ms="15069" status="FAIL">
          <params>
            <param index="0">
              <value>
                <![CDATA["verify password recovery link"]]>
              </value>
            </param>
            <param index="1">
              <value>
                <![CDATA["Registration"]]>
              </value>
            </param>
          </params>
          <exception class="java.lang.AssertionError">
            <message>
              <![CDATA[expected [true] but found [false]]]>
            </message>
            <full-stacktrace>
              <![CDATA[java.lang.AssertionError: expected [true] but found [false]
at org.testng.Assert.fail(Assert.java:111)
at org.testng.Assert.failNotEquals(Assert.java:1578)
at org.testng.Assert.assertTrue(Assert.java:57)
at org.testng.Assert.assertTrue(Assert.java:67)
at com.StepDefinition.RegistrationpageStepCode.i_click_password_recovery_link(RegistrationpageStepCode.java:89)
at ✽.I click password recovery link(file:///C:/Users/Administrator/eclipse-workspace/com.Jpetstore/src/test/resources/Features/Registration.feature:52)
]]>
            </full-stacktrace>
          </exception> <!-- java.lang.AssertionError -->
          <reporter-output>
          </reporter-output>
        </test-method> <!-- runScenario -->
        <test-method is-config="true" signature="tearDownClass()[pri:0, instance:com.JpetstoreRunner.RegistrationRunner@3cc1435c]" started-at="2025-03-21T00:04:09 PDT" name="tearDownClass" finished-at="2025-03-21T00:04:10 PDT" duration-ms="820" status="PASS">
          <reporter-output>
          </reporter-output>
        </test-method> <!-- tearDownClass -->
      </class> <!-- com.JpetstoreRunner.RegistrationRunner -->
    </test> <!-- Default test -->
  </suite> <!-- Default suite -->
</testng-results>
