<?xml version="1.0" encoding="UTF-8"?>
<!-- Generated by org.testng.reporters.JUnitXMLReporter -->
<testsuite ignored="0" hostname="DESKTOP-KHFPL78" failures="0" tests="2" name="Test1" time="6.086" errors="0" timestamp="2025-02-28T01:05:18 PST">
  <testcase classname="Feb_28.App" name="@BeforeMethod setUp" time="5.93">
    <failure type="java.lang.AssertionError" message="expected [Facebook – log in or sign up] but found [Log in to Facebook]">
      <![CDATA[java.lang.AssertionError: expected [Facebook – log in or sign up] but found [Log in to Facebook]
at Feb_28.App.setUp(App.java:22)
at java.base/java.util.ArrayList.forEach(ArrayList.java:1597)
... Removed 35 stack frames]]>
    </failure>
  </testcase> <!-- @BeforeMethod setUp -->
  <testcase classname="Feb_28.App" name="@AfterMethod tearDown" time="0.0">
    <skipped/>
  </testcase> <!-- @AfterMethod tearDown -->
  <testcase classname="Feb_28.App" name="@BeforeMethod setUp" time="0.0">
    <skipped/>
  </testcase> <!-- @BeforeMethod setUp -->
  <testcase classname="Feb_28.App" name="@AfterMethod tearDown" time="0.0">
    <skipped/>
  </testcase> <!-- @AfterMethod tearDown -->
  <testcase classname="Feb_28.App" name="login" time="0.0">
    <skipped/>
  </testcase> <!-- login -->
  <testcase classname="Feb_28.App" name="account" time="0.001">
    <skipped/>
  </testcase> <!-- account -->
</testsuite> <!-- Test1 -->
