<?xml version="1.0" encoding="UTF-8"?>
<!-- Generated by org.testng.reporters.JUnitReportReporter -->
<testsuite hostname="DESKTOP-KHFPL78" failures="2" tests="11" name="com.JpetstoreRunner.HomepageRunnerTestCase" time="128.304" errors="0" timestamp="2025-03-20T23:50:11 PDT" skipped="0">
  <testcase classname="com.JpetstoreRunner.HomepageRunnerTestCase" name="runScenario" time="15.367"/>
  <testcase classname="com.JpetstoreRunner.HomepageRunnerTestCase" name="runScenario" time="6.905">
    <failure message="expected [true] but found [false]" type="java.lang.AssertionError">
      <![CDATA[java.lang.AssertionError: expected [true] but found [false]
at org.testng.Assert.fail(Assert.java:111)
at org.testng.Assert.failNotEquals(Assert.java:1578)
at org.testng.Assert.assertTrue(Assert.java:57)
at org.testng.Assert.assertTrue(Assert.java:67)
at com.StepDefinition.SearchpageStepCode.i_verify_product_availability(SearchpageStepCode.java:86)
at ✽.I verify product availability(file:///C:/Users/Administrator/eclipse-workspace/com.Jpetstore/src/test/resources/Features/Search.feature:12)
]]>
    </failure>
  </testcase> <!-- runScenario -->
  <testcase classname="com.JpetstoreRunner.HomepageRunnerTestCase" name="runScenario" time="12.487"/>
  <testcase classname="com.JpetstoreRunner.HomepageRunnerTestCase" name="runScenario" time="19.696">
    <failure message="expected [true] but found [false]" type="java.lang.AssertionError">
      <![CDATA[java.lang.AssertionError: expected [true] but found [false]
at org.testng.Assert.fail(Assert.java:111)
at org.testng.Assert.failNotEquals(Assert.java:1578)
at org.testng.Assert.assertTrue(Assert.java:57)
at org.testng.Assert.assertTrue(Assert.java:67)
at com.StepDefinition.RegistrationpageStepCode.its_navigate_to_home_page(RegistrationpageStepCode.java:52)
at ✽.I verify account is created(file:///C:/Users/Administrator/eclipse-workspace/com.Jpetstore/src/test/resources/Features/Registration.feature:12)
]]>
    </failure>
  </testcase> <!-- runScenario -->
  <testcase classname="com.JpetstoreRunner.HomepageRunnerTestCase" name="runScenario" time="6.275"/>
  <testcase classname="com.JpetstoreRunner.HomepageRunnerTestCase" name="runScenario" time="17.141"/>
  <testcase classname="com.JpetstoreRunner.HomepageRunnerTestCase" name="runScenario" time="16.284"/>
  <testcase classname="com.JpetstoreRunner.HomepageRunnerTestCase" name="runScenario" time="7.173"/>
  <testcase classname="com.JpetstoreRunner.HomepageRunnerTestCase" name="runScenario" time="5.829"/>
  <testcase classname="com.JpetstoreRunner.HomepageRunnerTestCase" name="runScenario" time="6.269"/>
  <testcase classname="com.JpetstoreRunner.HomepageRunnerTestCase" name="runScenario" time="14.878"/>
</testsuite> <!-- com.JpetstoreRunner.HomepageRunnerTestCase -->
